[debug] [2022-07-26T11:41:06.472Z] ----------------------------------------------------------------------
[debug] [2022-07-26T11:41:06.474Z] Command:       C:\Program Files\nodejs\node.exe C:\Users\BasantJha\AppData\Roaming\npm\node_modules\firebase-tools\lib\bin\firebase.js init
[debug] [2022-07-26T11:41:06.474Z] CLI Version:   11.3.0
[debug] [2022-07-26T11:41:06.474Z] Platform:      win32
[debug] [2022-07-26T11:41:06.474Z] Node Version:  v16.14.2
[debug] [2022-07-26T11:41:06.477Z] Time:          Tue Jul 26 2022 17:11:06 GMT+0530 (India Standard Time)
[debug] [2022-07-26T11:41:06.477Z] ----------------------------------------------------------------------
[debug] 
[debug] [2022-07-26T11:41:06.487Z] > command requires scopes: ["email","openid","https://www.googleapis.com/auth/cloudplatformprojects.readonly","https://www.googleapis.com/auth/firebase","https://www.googleapis.com/auth/cloud-platform"]
[debug] [2022-07-26T11:41:06.488Z] > authorizing via signed-in user (basant.jha@akalinfosys.com)
[info] 
     ######## #### ########  ######## ########     ###     ######  ########
     ##        ##  ##     ## ##       ##     ##  ##   ##  ##       ##
     ######    ##  ########  ######   ########  #########  ######  ######
     ##        ##  ##    ##  ##       ##     ## ##     ##       ## ##
     ##       #### ##     ## ######## ########  ##     ##  ######  ########

You're about to initialize a Firebase project in this directory:

  C:\Users\BasantJha\AndroidStudioProjects\lastfirebasedatabase

[info] 
=== Project Setup
[info] 
[info] First, let's associate this project directory with a Firebase project.
[info] You can create multiple project aliases by running firebase use --add, 
[info] but for now we'll just set up a default project.
[info] 
[debug] [2022-07-26T11:41:44.485Z] >>> [apiv2][query] GET https://firebase.googleapis.com/v1beta1/projects pageSize=100
[debug] [2022-07-26T11:41:45.304Z] <<< [apiv2][status] GET https://firebase.googleapis.com/v1beta1/projects 200
[debug] [2022-07-26T11:41:45.304Z] <<< [apiv2][body] GET https://firebase.googleapis.com/v1beta1/projects [omitted]
[info] i  Using project lastfirebasedatabase (lastfirebasedatabase) 
[info] 
=== Firestore Setup
[debug] [2022-07-26T11:41:58.288Z] >>> [apiv2][query] GET https://serviceusage.googleapis.com/v1/projects/lastfirebasedatabase/services/firestore.googleapis.com [none]
[debug] [2022-07-26T11:42:00.156Z] <<< [apiv2][status] GET https://serviceusage.googleapis.com/v1/projects/lastfirebasedatabase/services/firestore.googleapis.com 200
[debug] [2022-07-26T11:42:00.156Z] <<< [apiv2][body] GET https://serviceusage.googleapis.com/v1/projects/lastfirebasedatabase/services/firestore.googleapis.com [omitted]
[debug] [2022-07-26T11:42:00.157Z] >>> [apiv2][query] GET https://appengine.googleapis.com/v1/apps/lastfirebasedatabase [none]
[debug] [2022-07-26T11:42:00.902Z] <<< [apiv2][status] GET https://appengine.googleapis.com/v1/apps/lastfirebasedatabase 200
[debug] [2022-07-26T11:42:00.903Z] <<< [apiv2][body] GET https://appengine.googleapis.com/v1/apps/lastfirebasedatabase {"name":"apps/lastfirebasedatabase","id":"lastfirebasedatabase","authDomain":"gmail.com","locationId":"asia-south1","codeBucket":"staging.lastfirebasedatabase.appspot.com","servingStatus":"SERVING","defaultHostname":"lastfirebasedatabase.el.r.appspot.com","defaultBucket":"lastfirebasedatabase.appspot.com","serviceAccount":"lastfirebasedatabase@appspot.gserviceaccount.com","gcrDomain":"asia.gcr.io","databaseType":"CLOUD_FIRESTORE","featureSettings":{"splitHealthChecks":true,"useContainerOptimizedOs":true}}
[debug] [2022-07-26T11:42:00.903Z] database_type: CLOUD_FIRESTORE
[debug] [2022-07-26T11:42:00.903Z] > command requires scopes: ["email","openid","https://www.googleapis.com/auth/cloudplatformprojects.readonly","https://www.googleapis.com/auth/firebase","https://www.googleapis.com/auth/cloud-platform"]
[debug] [2022-07-26T11:42:00.903Z] > authorizing via signed-in user (basant.jha@akalinfosys.com)
[debug] [2022-07-26T11:42:00.903Z] [iam] checking project lastfirebasedatabase for permissions ["firebase.projects.get"]
[debug] [2022-07-26T11:42:00.904Z] >>> [apiv2][query] POST https://cloudresourcemanager.googleapis.com/v1/projects/lastfirebasedatabase:testIamPermissions [none]
[debug] [2022-07-26T11:42:00.904Z] >>> [apiv2][body] POST https://cloudresourcemanager.googleapis.com/v1/projects/lastfirebasedatabase:testIamPermissions {"permissions":["firebase.projects.get"]}
[debug] [2022-07-26T11:42:02.720Z] <<< [apiv2][status] POST https://cloudresourcemanager.googleapis.com/v1/projects/lastfirebasedatabase:testIamPermissions 200
[debug] [2022-07-26T11:42:02.720Z] <<< [apiv2][body] POST https://cloudresourcemanager.googleapis.com/v1/projects/lastfirebasedatabase:testIamPermissions {"permissions":["firebase.projects.get"]}
[info] 
[info] Firestore Security Rules allow you to define how and when to allow
[info] requests. You can keep these rules in your project directory
[info] and publish them with firebase deploy.
[info] 
[debug] [2022-07-26T11:44:27.838Z] >>> [apiv2][query] GET https://firebaserules.googleapis.com/v1/projects/lastfirebasedatabase/releases pageSize=10&pageToken=
[debug] [2022-07-26T11:44:27.843Z] Error: kill ENOSYS
    at process.kill (node:internal/process/per_thread:220:13)
    at process.listener (C:\Users\BasantJha\AppData\Roaming\npm\node_modules\firebase-tools\node_modules\signal-exit\index.js:95:15)
    at process.emit (node:events:526:28)
[error] 
[error] Error: An unexpected error has occurred.
